<?xml version="1.0" encoding="UTF-8"?>
<!-- Generated by org.testng.reporters.JUnitReportReporter -->
<testsuite hostname="anvitha" failures="0" tests="1" name="Search.WritingInExcelTest" time="10.906" errors="0" timestamp="2023-04-23T00:50:15 IST" skipped="0">
  <testcase classname="Search.WritingInExcelTest" name="writingInExcelTest" time="10.906"/>
  <system-out/>
</testsuite> <!-- Search.WritingInExcelTest -->
