<?xml version="1.0" encoding="UTF-8"?>
<!-- Generated by org.testng.reporters.JUnitReportReporter -->
<testsuite hostname="anvitha" failures="0" tests="1" name="Cart.DeleteProductFromCart" time="12.974" errors="0" timestamp="2023-04-24T12:55:41 IST" skipped="0">
  <testcase classname="Cart.DeleteProductFromCart" name="deleteProductFromCart" time="12.974"/>
  <system-out/>
</testsuite> <!-- Cart.DeleteProductFromCart -->
