<?xml version="1.0" encoding="UTF-8"?>
<!-- Generated by org.testng.reporters.JUnitReportReporter -->
<testsuite hostname="anvitha" failures="0" tests="1" name="Cart.UpdateProductsInCart" time="17.590" errors="0" timestamp="2023-04-25T22:05:28 IST" skipped="0">
  <testcase classname="Cart.UpdateProductsInCart" name="UpdateProductsInCartTest" time="17.590"/>
  <system-out/>
</testsuite> <!-- Cart.UpdateProductsInCart -->
