<?xml version="1.0" encoding="UTF-8"?>
<!-- Generated by org.testng.reporters.JUnitReportReporter -->
<testsuite hostname="anvitha" failures="0" tests="1" name="Cart.AddProductToCartTest" time="17.350" errors="0" timestamp="2023-04-25T22:05:28 IST" skipped="0">
  <testcase classname="Cart.AddProductToCartTest" name="addProductToCartTest" time="17.350"/>
  <system-out/>
</testsuite> <!-- Cart.AddProductToCartTest -->
